Exception information:

           Date: Oct 02, 2024 22:42PM

           Message: syntax error, unexpected token ";"

           Code: 0

           File: F:\Dev_Diver\Npds\Npds_Mini\revolution_16_mini\app\Modules\Users\Controllers\Front\UserMain.php

           Line: 222

           Stack trace:

           #0 F:\Dev_Diver\Npds\Npds_Mini\revolution_16_mini\vendor\composer\ClassLoader.php(427): Composer\Autoload\{closure}('F:\\Dev_Diver\\Np...')
#1 [internal function]: Composer\Autoload\ClassLoader->loadClass('App\\Modules\\Use...')
#2 F:\Dev_Diver\Npds\Npds_Mini\revolution_16_mini\npds\Routing\Router.php(431): class_exists('App\\Modules\\Use...')
#3 F:\Dev_Diver\Npds\Npds_Mini\revolution_16_mini\npds\Routing\Router.php(481): Npds\Routing\Router->invokeObject('App\\Modules\\Use...', Array)
#4 F:\Dev_Diver\Npds\Npds_Mini\revolution_16_mini\app\Bootstrap\Bootstrap.php(114): Npds\Routing\Router->dispatch()
#5 F:\Dev_Diver\Npds\Npds_Mini\revolution_16_mini\public\index.php(36): require('F:\\Dev_Diver\\Np...')
#6 {main}

           ---------

Exception information:

           Date: Oct 02, 2024 22:47PM

           Message: Unmatched '}'

           Code: 0

           File: F:\Dev_Diver\Npds\Npds_Mini\revolution_16_mini\app\Modules\Users\Controllers\Front\UserMain.php

           Line: 255

           Stack trace:

           #0 F:\Dev_Diver\Npds\Npds_Mini\revolution_16_mini\vendor\composer\ClassLoader.php(427): Composer\Autoload\{closure}('F:\\Dev_Diver\\Np...')
#1 [internal function]: Composer\Autoload\ClassLoader->loadClass('App\\Modules\\Use...')
#2 F:\Dev_Diver\Npds\Npds_Mini\revolution_16_mini\npds\Routing\Router.php(431): class_exists('App\\Modules\\Use...')
#3 F:\Dev_Diver\Npds\Npds_Mini\revolution_16_mini\npds\Routing\Router.php(481): Npds\Routing\Router->invokeObject('App\\Modules\\Use...', Array)
#4 F:\Dev_Diver\Npds\Npds_Mini\revolution_16_mini\app\Bootstrap\Bootstrap.php(114): Npds\Routing\Router->dispatch()
#5 F:\Dev_Diver\Npds\Npds_Mini\revolution_16_mini\public\index.php(36): require('F:\\Dev_Diver\\Np...')
#6 {main}

           ---------

2024-10-02 22:48PM - Undefined variable $useroutils in F:\Dev_Diver\Npds\Npds_Mini\revolution_16_mini\app\Modules\Users\Views\Front\UserMain\index.php on line 5

Exception information:

           Date: Oct 02, 2024 22:59PM

           Message: syntax error, unexpected end of file, expecting "elseif" or "else" or "endif"

           Code: 0

           File: F:\Dev_Diver\Npds\Npds_Mini\revolution_16_mini\app\Modules\Users\Views\Front\UserMain\index.php

           Line: 80

           Stack trace:

           #0 F:\Dev_Diver\Npds\Npds_Mini\revolution_16_mini\npds\View\View.php(267): Npds\view\View->render()
#1 F:\Dev_Diver\Npds\Npds_Mini\revolution_16_mini\npds\View\View.php(296): Npds\view\View->fetch()
#2 F:\Dev_Diver\Npds\Npds_Mini\revolution_16_mini\npds\View\View.php(251): Npds\view\View->data()
#3 F:\Dev_Diver\Npds\Npds_Mini\revolution_16_mini\npds\View\View.php(281): Npds\view\View->render()
#4 F:\Dev_Diver\Npds\Npds_Mini\revolution_16_mini\app\Controllers\Core\BaseController.php(138): Npds\view\View->display()
#5 F:\Dev_Diver\Npds\Npds_Mini\revolution_16_mini\app\Modules\Npds\Core\AccessError.php(43): App\Controllers\Core\BaseController->after(Object(Npds\view\View))
#6 F:\Dev_Diver\Npds\Npds_Mini\revolution_16_mini\app\Modules\Npds\Core\FrontController.php(54): App\Modules\Npds\Core\AccessError->after(NULL)
#7 F:\Dev_Diver\Npds\Npds_Mini\revolution_16_mini\app\Modules\Users\Controllers\Front\UserMain.php(79): App\Modules\Npds\Core\FrontController->after(NULL)
#8 F:\Dev_Diver\Npds\Npds_Mini\revolution_16_mini\npds\Core\Controller.php(184): App\Modules\Users\Controllers\Front\UserMain->after(NULL)
#9 F:\Dev_Diver\Npds\Npds_Mini\revolution_16_mini\npds\Routing\Router.php(395): Npds\Core\Controller->execute('index', Array)
#10 F:\Dev_Diver\Npds\Npds_Mini\revolution_16_mini\npds\Routing\Router.php(433): Npds\Routing\Router->invokeController('App\\Modules\\Use...', 'index', Array)
#11 F:\Dev_Diver\Npds\Npds_Mini\revolution_16_mini\npds\Routing\Router.php(481): Npds\Routing\Router->invokeObject('App\\Modules\\Use...', Array)
#12 F:\Dev_Diver\Npds\Npds_Mini\revolution_16_mini\app\Bootstrap\Bootstrap.php(114): Npds\Routing\Router->dispatch()
#13 F:\Dev_Diver\Npds\Npds_Mini\revolution_16_mini\public\index.php(36): require('F:\\Dev_Diver\\Np...')
#14 {main}

           ---------

